Build started 2018-01-26 17:00:46.
     1>Project "C:\Program Files\MAXON\CINEMA 4D R17\plugins\cinema4dsdk\cinema4dsdk.vcxproj" on node 2 (Build target(s)).
     1>ClCompile:
         C:\Program Files (x86)\Microsoft Visual Studio 12.0\VC\bin\x86_amd64\CL.exe /c /I./source /I./res /I./res/description /I..\../frameworks/cinema.framework/generated/hxx /I..\../frameworks/cinema.framework/source /I..\../frameworks/cinema.framework/source/c4d_customgui /I..\../frameworks/cinema.framework/source/c4d_gv /I..\../frameworks/cinema.framework/source/c4d_libs /I..\../frameworks/cinema.framework/source/c4d_misc /I..\../frameworks/cinema.framework/source/c4d_misc/datastructures /I..\../frameworks/cinema.framework/source/c4d_misc/memory /I..\../frameworks/cinema.framework/source/c4d_misc/utilities /I..\../frameworks/cinema.framework/source/c4d_preview /I..\../frameworks/cinema.framework/source/c4d_scaling /I..\../frameworks/cinema.framework/source/description /I..\..\_bin\resource\descriptions\res /I..\precompiled /Zi /nologo /W4 /WX- /MP /Od /Ob0 /D MAXON_TARGET_DEBUG /D _DEBUG /D _CONSOLE /D MAXON_TARGET_WINDOWS /D _WINDOWS /D __PC /D _CRT_SECURE_NO_WARNINGS /D PSAPI_VERSION=1 /D MAXON_TARGET_64BIT /D __64BIT /D _WIN64 /D _WINDLL /D _UNICODE /D UNICODE /GF /Gm- /RTC1 /MDd /GS /Gy /fp:precise /Zc:wchar_t /Zc:forScope /Fo"C:\Program Files\MAXON\CINEMA 4D R17\plugins\cinema4dsdk\_obj\cinema4dsdk\x64_Debug\\" /Fd"C:\Program Files\MAXON\CINEMA 4D R17\plugins\cinema4dsdk\_obj\cinema4dsdk\x64_Debug\vc_cinema4dsdk.pdb" /Gd /TP /wd4061 /wd4062 /wd4100 /wd4127 /wd4131 /wd4191 /wd4296 /wd4324 /wd4350 /wd4351 /wd4355 /wd4365 /wd4371 /wd4514 /wd4519 /wd4530 /wd4548 /wd4574 /wd4611 /wd4623 /wd4625 /wd4626 /wd4640 /wd4668 /wd4710 /wd4711 /wd4714 /wd4738 /wd4820 /wd4826 /wd4917 /wd4928 /wd4946 /FC /errorReport:prompt /bigobj /vmg /vms source\animation\blinker.cpp source\bitmapfilter\filtermatrix.cpp source\bitmapfilter\filterthreshold.cpp source\bitmapfilter\paint_saver_test.cpp source\datatype\datatype.cpp source\falloff\randomfalloff.cpp source\filter\bff.cpp source\filter\stl.cpp source\gui\activeobject.cpp source\gui\asynctest.cpp source\gui\gradientuserarea.cpp source\gui\layershaderbrowser.cpp source\gui\listview.cpp source\gui\memstat.cpp source\gui\menutest.cpp source\gui\serial.cpp source\gui\serial_hook.cpp source\gui\subdialog.cpp source\main.cpp source\object\atom.cpp source\object\circle.cpp source\object\dropeffector.cpp source\object\gl_test_object.cpp source\object\gravitation.cpp source\object\hair_collision.cpp source\object\hair_constraint.cpp source\object\hair_deformer.cpp source\object\hair_force.cpp source\object\hair_generator.cpp source\object\hair_grass.cpp source\object\morphmixer.cpp source\object\noiseeffector.cpp source\object\roundedtube.cpp source\object\spherify.cpp source\object\triangulate.cpp source\other\arraytutorial.cpp source\other\commandlinerender.cpp source\other\misctest.cpp source\other\movecopyconstructors.cpp source\other\snapdata_nullsnap.cpp source\other\takeTest.cpp source\painting\advanced\paintbrushbase.cpp source\painting\advanced\paintbrushsculpt.cpp source\painting\advanced\paintchannels.cpp source\painting\advanced\paintundo.cpp source\painting\advanced\registeradvancedpaint.cpp source\pgp\pgp.cpp source\sculpting\cubesbrush.cpp source\sculpting\drawpoly.cpp source\sculpting\drawpolybrush.cpp source\sculpting\grabbrush.cpp source\sculpting\loadsave.cpp source\sculpting\pullbrush.cpp source\sculpting\sculptbrushmultistamp.cpp source\sculpting\sculptbrushtwist.cpp source\sculpting\sculptdeformer.cpp source\sculpting\sculptmodifier.cpp source\sculpting\selectionbrush.cpp source\sculpting\splinebrush.cpp source\shader\bitmapdistortionshader.cpp source\shader\gl_material.cpp source\shader\gradientshader.cpp source\shader\hair_shader.cpp source\shader\illumination.cpp source\shader\mandelbrotshader.cpp source\shader\particlevolume.cpp source\shader\simplematerial.cpp source\tag\hair_render.cpp source\tag\hair_styling.cpp source\tag\lookatcamera.cpp source\tool\edgecuttool.cpp source\tool\liquidtool.cpp source\tool\pickobject.cpp source\tool\reversenormals.cpp source\tool\sculpting.cpp source\tool\snaptool.cpp source\videopost\hair_videopost.cpp source\videopost\visualize_channel.cpp source\videopost\vpcolorize.cpp source\videopost\vpinvertimage.cpp source\videopost\vpreconstructimage.cpp source\videopost\vpstereo.cpp source\videopost\vpvisualizenormals.cpp
         blinker.cpp
         filtermatrix.cpp
         filterthreshold.cpp
         paint_saver_test.cpp
         datatype.cpp
         randomfalloff.cpp
         bff.cpp
         stl.cpp
         activeobject.cpp
         asynctest.cpp
         gradientuserarea.cpp
         layershaderbrowser.cpp
         listview.cpp
         memstat.cpp
         menutest.cpp
         serial.cpp
         serial_hook.cpp
         subdialog.cpp
         main.cpp
         atom.cpp
         circle.cpp
         dropeffector.cpp
         gl_test_object.cpp
         gravitation.cpp
         hair_collision.cpp
         hair_constraint.cpp
         hair_deformer.cpp
         hair_force.cpp
         hair_generator.cpp
         hair_grass.cpp
         morphmixer.cpp
         noiseeffector.cpp
         roundedtube.cpp
         spherify.cpp
         triangulate.cpp
         arraytutorial.cpp
         commandlinerender.cpp
         misctest.cpp
         movecopyconstructors.cpp
         snapdata_nullsnap.cpp
         takeTest.cpp
         paintbrushbase.cpp
         paintbrushsculpt.cpp
         paintchannels.cpp
         paintundo.cpp
         registeradvancedpaint.cpp
         pgp.cpp
         cubesbrush.cpp
         drawpoly.cpp
         drawpolybrush.cpp
         grabbrush.cpp
         loadsave.cpp
         pullbrush.cpp
         sculptbrushmultistamp.cpp
         sculptbrushtwist.cpp
         sculptdeformer.cpp
         sculptmodifier.cpp
         selectionbrush.cpp
         splinebrush.cpp
         bitmapdistortionshader.cpp
         gl_material.cpp
         gradientshader.cpp
         hair_shader.cpp
         illumination.cpp
         mandelbrotshader.cpp
         particlevolume.cpp
         simplematerial.cpp
         hair_render.cpp
         hair_styling.cpp
         lookatcamera.cpp
         edgecuttool.cpp
         liquidtool.cpp
         pickobject.cpp
         reversenormals.cpp
         sculpting.cpp
         snaptool.cpp
         hair_videopost.cpp
         visualize_channel.cpp
     1>Done Building Project "C:\Program Files\MAXON\CINEMA 4D R17\plugins\cinema4dsdk\cinema4dsdk.vcxproj" (Build target(s)) -- FAILED.

Build FAILED.

Time Elapsed 00:00:44.41
