c:\program files\maxon\cinema 4d r17\plugins\3delight\_obj\3delight\x64_release\3delight.cdl64.lib
c:\program files\maxon\cinema 4d r17\plugins\3delight\_obj\3delight\x64_release\3delight.cdl64.exp
c:\program files\maxon\cinema 4d r17\plugins\3delight\_obj\3delight\x64_release\camerahook.obj
c:\program files\maxon\cinema 4d r17\plugins\3delight\_obj\3delight\x64_release\node.obj
c:\program files\maxon\cinema 4d r17\plugins\3delight\_obj\3delight\x64_release\renderoptionshook.obj
c:\program files\maxon\cinema 4d r17\plugins\3delight\_obj\3delight\x64_release\transform.obj
c:\program files\maxon\cinema 4d r17\plugins\3delight\_obj\3delight\x64_release\displaytranslator.obj
c:\program files\maxon\cinema 4d r17\plugins\3delight\_obj\3delight\x64_release\motionblurtag.obj
c:\program files\maxon\cinema 4d r17\plugins\3delight\_obj\3delight\x64_release\renderframe.obj
c:\program files\maxon\cinema 4d r17\plugins\3delight\_obj\3delight\x64_release\rendersequence.obj
c:\program files\maxon\cinema 4d r17\plugins\3delight\_obj\3delight\x64_release\cameratag.obj
c:\program files\maxon\cinema 4d r17\plugins\3delight\_obj\3delight\x64_release\main.obj
c:\program files\maxon\cinema 4d r17\plugins\3delight\_obj\3delight\x64_release\pluginmanager.obj
c:\program files\maxon\cinema 4d r17\plugins\3delight\_obj\3delight\x64_release\sceneparser.obj
c:\program files\maxon\cinema 4d r17\plugins\3delight\_obj\3delight\x64_release\display.obj
c:\program files\maxon\cinema 4d r17\plugins\3delight\_obj\3delight\x64_release\interactiverendermanager.obj
c:\program files\maxon\cinema 4d r17\plugins\3delight\_obj\3delight\x64_release\norrsken.obj
c:\program files\maxon\cinema 4d r17\plugins\3delight\_obj\3delight\x64_release\rendersettings.obj
c:\program files\maxon\cinema 4d r17\plugins\3delight\_obj\3delight\x64_release\vc_3delight.pdb
c:\program files\maxon\cinema 4d r17\plugins\3delight\_obj\3delight\x64_release\visibilitytag.obj
c:\program files\maxon\cinema 4d r17\plugins\3delight\_obj\3delight\x64_release\visibilitytagtranslator.obj
c:\program files\maxon\cinema 4d r17\plugins\3delight\_obj\3delight\x64_release\dl_render.obj
c:\program files\maxon\cinema 4d r17\plugins\3delight\3delight.cdl64
c:\program files\maxon\cinema 4d r17\plugins\3delight\_obj\3delight\x64_release\3delight.pdb
c:\program files\maxon\cinema 4d r17\plugins\3delight\_obj\3delight\x64_release\cinema4dsdk.vcxprojresolveassemblyreference.cache
c:\program files\maxon\cinema 4d r17\plugins\3delight\_obj\3delight\x64_release\3delight.tlog\3delight.write.1u.tlog
c:\program files\maxon\cinema 4d r17\plugins\3delight\_obj\3delight\x64_release\3delight.tlog\cl.command.1.tlog
c:\program files\maxon\cinema 4d r17\plugins\3delight\_obj\3delight\x64_release\3delight.tlog\cl.read.1.tlog
c:\program files\maxon\cinema 4d r17\plugins\3delight\_obj\3delight\x64_release\3delight.tlog\cl.read.2.tlog
c:\program files\maxon\cinema 4d r17\plugins\3delight\_obj\3delight\x64_release\3delight.tlog\cl.read.3.tlog
c:\program files\maxon\cinema 4d r17\plugins\3delight\_obj\3delight\x64_release\3delight.tlog\cl.read.4.tlog
c:\program files\maxon\cinema 4d r17\plugins\3delight\_obj\3delight\x64_release\3delight.tlog\cl.write.1.tlog
c:\program files\maxon\cinema 4d r17\plugins\3delight\_obj\3delight\x64_release\3delight.tlog\link.command.1.tlog
c:\program files\maxon\cinema 4d r17\plugins\3delight\_obj\3delight\x64_release\3delight.tlog\link.read.1.tlog
c:\program files\maxon\cinema 4d r17\plugins\3delight\_obj\3delight\x64_release\3delight.tlog\link.write.1.tlog
