Build started 2018-01-26 16:59:48.
     1>Project "C:\Program Files\MAXON\CINEMA 4D R17\frameworks\cinema.framework\project\cinema.framework.vcxproj" on node 2 (Build target(s)).
     1>ClCompile:
         C:\Program Files (x86)\Microsoft Visual Studio 12.0\VC\bin\x86_amd64\CL.exe /c /I..\..\../frameworks/cinema.framework/generated/hxx /I..\..\../frameworks/cinema.framework/source /I..\..\../frameworks/cinema.framework/source/c4d_customgui /I..\..\../frameworks/cinema.framework/source/c4d_gv /I..\..\../frameworks/cinema.framework/source/c4d_libs /I..\..\../frameworks/cinema.framework/source/c4d_misc /I..\..\../frameworks/cinema.framework/source/c4d_misc/datastructures /I..\..\../frameworks/cinema.framework/source/c4d_misc/memory /I..\..\../frameworks/cinema.framework/source/c4d_misc/utilities /I..\..\../frameworks/cinema.framework/source/c4d_preview /I..\..\../frameworks/cinema.framework/source/c4d_scaling /I..\..\../frameworks/cinema.framework/source/description /I..\..\..\_bin\resource\descriptions\res /I..\precompiled /Zi /nologo /W4 /WX- /MP /Od /Ob0 /D "PRIVATE_MODULE_ID=\"net.maxon.c4d.cinema.framework\"" /D PRIVATE_MANGLED_MODULE_ID=net_maxon_c4d_cinema_framework /D MAXON_TARGET_DEBUG /D _DEBUG /D _CONSOLE /D MAXON_TARGET_WINDOWS /D _WINDOWS /D __PC /D _CRT_SECURE_NO_WARNINGS /D PSAPI_VERSION=1 /D MAXON_TARGET_64BIT /D __64BIT /D _WIN64 /D MAXON_API /D _UNICODE /D UNICODE /GF /Gm- /RTC1 /MDd /GS /Gy /fp:precise /Zc:wchar_t /Zc:forScope /Fo"C:\Program Files\MAXON\CINEMA 4D R17\plugins\cinema4dsdk\_obj\cinema.framework\x64_Debug\\" /Fd"C:\Program Files\MAXON\CINEMA 4D R17\plugins\cinema4dsdk\_obj\cinema.framework\x64_Debug\vc_cinema.framework_Debug_64bit.pdb" /Gd /TP /wd4061 /wd4062 /wd4100 /wd4127 /wd4131 /wd4191 /wd4296 /wd4324 /wd4350 /wd4351 /wd4355 /wd4365 /wd4371 /wd4514 /wd4519 /wd4530 /wd4548 /wd4574 /wd4611 /wd4623 /wd4625 /wd4626 /wd4640 /wd4668 /wd4710 /wd4711 /wd4714 /wd4738 /wd4820 /wd4826 /wd4917 /wd4928 /wd4946 /FC /errorReport:prompt /bigobj /vmg /vms ..\generated\hxx\register.cpp ..\source\c4d_basebitmap.cpp ..\source\c4d_basechannel.cpp ..\source\c4d_basecontainer.cpp ..\source\c4d_basedocument.cpp ..\source\c4d_basedraw.cpp ..\source\c4d_baseeffectorplugin.cpp ..\source\c4d_baselist.cpp ..\source\c4d_basematerial.cpp ..\source\c4d_baseobject.cpp ..\source\c4d_baseplugin.cpp ..\source\c4d_baseselect.cpp ..\source\c4d_basesound.cpp ..\source\c4d_basetag.cpp ..\source\c4d_basetime.cpp ..\source\c4d_bitmapfilter.cpp ..\source\c4d_canimation.cpp ..\source\c4d_coffee.cpp ..\source\c4d_commandplugin.cpp ..\source\c4d_ctrackplugin.cpp ..\source\c4d_customdatatype.cpp ..\source\c4d_customgui\customgui_base.cpp ..\source\c4d_customgui\customgui_bitmapbutton.cpp ..\source\c4d_customgui\customgui_datetime.cpp ..\source\c4d_customgui\customgui_descproperty.cpp ..\source\c4d_customgui\customgui_description.cpp ..\source\c4d_customgui\customgui_fontchooser.cpp ..\source\c4d_customgui\customgui_gradient.cpp ..\source\c4d_customgui\customgui_htmlviewer.cpp ..\source\c4d_customgui\customgui_hyperlink.cpp ..\source\c4d_customgui\customgui_inexclude.cpp ..\source\c4d_customgui\customgui_itemtree.cpp ..\source\c4d_customgui\customgui_kerning.cpp ..\source\c4d_customgui\customgui_linkbox.cpp ..\source\c4d_customgui\customgui_listview.cpp ..\source\c4d_customgui\customgui_listview2.cpp ..\source\c4d_customgui\customgui_matassign.cpp ..\source\c4d_customgui\customgui_matpreview.cpp ..\source\c4d_customgui\customgui_movieview.cpp ..\source\c4d_customgui\customgui_pla.cpp ..\source\c4d_customgui\customgui_priority.cpp ..\source\c4d_customgui\customgui_quicktab.cpp ..\source\c4d_customgui\customgui_splinecontrol.cpp ..\source\c4d_customgui\customgui_texbox.cpp ..\source\c4d_customgui\customgui_texturemanager.cpp ..\source\c4d_customgui\customgui_unitscale.cpp ..\source\c4d_customguidata.cpp ..\source\c4d_customguiplugin.cpp ..\source\c4d_descriptiondialog.cpp ..\source\c4d_falloffplugin.cpp ..\source\c4d_file.cpp ..\source\c4d_filterplugin.cpp ..\source\c4d_gedata.cpp ..\source\c4d_general.cpp ..\source\c4d_gl.cpp ..\source\c4d_gui.cpp ..\source\c4d_gv\c4d_graphview.cpp ..\source\c4d_gv\c4d_operatorplugin.cpp ..\source\c4d_gv\c4d_particles.cpp ..\source\c4d_help.cpp ..\source\c4d_library.cpp ..\source\c4d_libs\lib_activeobjectmanager.cpp ..\source\c4d_libs\lib_aes.cpp ..\source\c4d_libs\lib_batchrender.cpp ..\source\c4d_libs\lib_big_integer.cpp ..\source\c4d_libs\lib_birender.cpp ..\source\c4d_libs\lib_browser.cpp ..\source\c4d_libs\lib_ca.cpp ..\source\c4d_libs\lib_clipmap.cpp ..\source\c4d_libs\lib_cloud.cpp ..\source\c4d_libs\lib_collider.cpp ..\source\c4d_libs\lib_datetimeparser.cpp ..\source\c4d_libs\lib_description.cpp ..\source\c4d_libs\lib_dwgobjects.cpp ..\source\c4d_libs\lib_editortools.cpp ..\source\c4d_libs\lib_filtertree.cpp ..\source\c4d_libs\lib_hair.cpp ..\source\c4d_libs\lib_hovermenu.cpp ..\source\c4d_libs\lib_iconcollection.cpp ..\source\c4d_libs\lib_intersect.cpp ..\source\c4d_libs\lib_layershader.cpp ..\source\c4d_libs\lib_modeling.cpp ..\source\c4d_libs\lib_net.cpp ..\source\c4d_libs\lib_ngon.cpp ..\source\c4d_libs\lib_noise.cpp ..\source\c4d_libs\lib_paint.cpp ..\source\c4d_libs\lib_pictureviewer.cpp ..\source\c4d_libs\lib_prefs.cpp ..\source\c4d_libs\lib_py.cpp ..\source\c4d_libs\lib_regexpr.cpp ..\source\c4d_libs\lib_sculpt.cpp ..\source\c4d_libs\lib_sculptbrush.cpp ..\source\c4d_libs\lib_sds.cpp ..\source\c4d_libs\lib_secure_random.cpp ..\source\c4d_libs\lib_selectionchanger.cpp ..\source\c4d_libs\lib_sn.cpp ..\source\c4d_libs\lib_snd.cpp ..\source\c4d_libs\lib_splinehelp.cpp ..\source\c4d_libs\lib_takesystem.cpp ..\source\c4d_libs\lib_tlmarker.cpp ..\source\c4d_libs\lib_token.cpp ..\source\c4d_libs\lib_viewport.cpp ..\source\c4d_libs\lib_zipfile.cpp ..\source\c4d_listview.cpp ..\source\c4d_materialplugin.cpp ..\source\c4d_memory.cpp ..\source\c4d_messageplugin.cpp ..\source\c4d_misc\memory\debugglobals.cpp ..\source\c4d_misc\memory\defaultallocator.cpp ..\source\c4d_network.cpp ..\source\c4d_nodeplugin.cpp ..\source\c4d_objectplugin.cpp ..\source\c4d_painter.cpp ..\source\c4d_particleobject.cpp ..\source\c4d_pmain.cpp ..\source\c4d_preview\filter_prefs.cpp ..\source\c4d_preview\filterpreview.cpp ..\source\c4d_preview\filterthread.cpp ..\source\c4d_preview\linefetchutil.cpp ..\source\c4d_preview\matrixrotate.cpp ..\source\c4d_preview\matrixutil.cpp ..\source\c4d_preview\matrixwrapper.cpp ..\source\c4d_preview\pixelfetchutil.cpp ..\source\c4d_quaternion.cpp ..\source\c4d_resource.cpp ..\source\c4d_scaling\mergelin.cpp ..\source\c4d_scaling\miniblt.cpp ..\source\c4d_scaling\scale.cpp ..\source\c4d_scaling\scaleitf.cpp ..\source\c4d_scaling\scalelin.cpp ..\source\c4d_scenehookplugin.cpp ..\source\c4d_shaderplugin.cpp ..\source\c4d_snapplugin.cpp ..\source\c4d_string.cpp ..\source\c4d_tagplugin.cpp ..\source\c4d_thread.cpp ..\source\c4d_toolplugin.cpp ..\source\c4d_tools.cpp ..\source\c4d_videopost.cpp ..\source\c4d_videopostplugin.cpp ..\source\ge_ieee.cpp ..\source\ge_sort.cpp ..\source\operatingsystem.cpp
         register.cpp
         c4d_basebitmap.cpp
     1>c1xx : fatal error C1083: Cannot open source file: '..\generated\hxx\register.cpp': No such file or directory
         c4d_basechannel.cpp
         c4d_basecontainer.cpp
         c4d_basedocument.cpp
         c4d_basedraw.cpp
         c4d_baseeffectorplugin.cpp
         c4d_baselist.cpp
         c4d_basematerial.cpp
         c4d_baseobject.cpp
         c4d_baseplugin.cpp
         c4d_baseselect.cpp
         c4d_basesound.cpp
         c4d_basetag.cpp
         c4d_basetime.cpp
         c4d_bitmapfilter.cpp
         c4d_canimation.cpp
         c4d_coffee.cpp
         c4d_commandplugin.cpp
         c4d_ctrackplugin.cpp
         c4d_customdatatype.cpp
         customgui_base.cpp
         customgui_bitmapbutton.cpp
         customgui_datetime.cpp
         customgui_descproperty.cpp
         customgui_description.cpp
         customgui_fontchooser.cpp
         customgui_gradient.cpp
         customgui_htmlviewer.cpp
         customgui_hyperlink.cpp
         customgui_inexclude.cpp
         customgui_itemtree.cpp
         customgui_kerning.cpp
         customgui_linkbox.cpp
         customgui_listview.cpp
         customgui_listview2.cpp
         customgui_matassign.cpp
         customgui_matpreview.cpp
         customgui_movieview.cpp
         customgui_pla.cpp
         customgui_priority.cpp
         customgui_quicktab.cpp
         customgui_splinecontrol.cpp
         customgui_texbox.cpp
         customgui_texturemanager.cpp
         customgui_unitscale.cpp
         c4d_customguidata.cpp
         c4d_customguiplugin.cpp
         c4d_descriptiondialog.cpp
         c4d_falloffplugin.cpp
         c4d_file.cpp
         c4d_filterplugin.cpp
         c4d_gedata.cpp
         c4d_general.cpp
         c4d_gl.cpp
         c4d_gui.cpp
         c4d_graphview.cpp
         c4d_operatorplugin.cpp
         c4d_particles.cpp
         c4d_help.cpp
         c4d_library.cpp
         lib_activeobjectmanager.cpp
         lib_aes.cpp
         lib_batchrender.cpp
         lib_big_integer.cpp
         lib_birender.cpp
         lib_browser.cpp
         lib_ca.cpp
         lib_clipmap.cpp
         lib_cloud.cpp
         lib_collider.cpp
         lib_datetimeparser.cpp
         lib_description.cpp
         lib_dwgobjects.cpp
         lib_editortools.cpp
         lib_filtertree.cpp
         lib_hair.cpp
         lib_hovermenu.cpp
         lib_iconcollection.cpp
         lib_intersect.cpp
         lib_layershader.cpp
         lib_modeling.cpp
         lib_net.cpp
         lib_ngon.cpp
         lib_noise.cpp
         lib_paint.cpp
         lib_pictureviewer.cpp
         lib_prefs.cpp
         lib_py.cpp
         lib_regexpr.cpp
         lib_sculpt.cpp
         lib_sculptbrush.cpp
         lib_sds.cpp
         lib_secure_random.cpp
         lib_selectionchanger.cpp
         lib_sn.cpp
         lib_snd.cpp
         lib_splinehelp.cpp
         lib_takesystem.cpp
         lib_tlmarker.cpp
         lib_token.cpp
         lib_viewport.cpp
         lib_zipfile.cpp
         c4d_listview.cpp
         c4d_materialplugin.cpp
         c4d_memory.cpp
         c4d_messageplugin.cpp
         debugglobals.cpp
         defaultallocator.cpp
         c4d_network.cpp
         c4d_nodeplugin.cpp
         c4d_objectplugin.cpp
         c4d_painter.cpp
         c4d_particleobject.cpp
         c4d_pmain.cpp
         filter_prefs.cpp
         filterpreview.cpp
         filterthread.cpp
         linefetchutil.cpp
         matrixrotate.cpp
         matrixutil.cpp
         matrixwrapper.cpp
         pixelfetchutil.cpp
         c4d_quaternion.cpp
         c4d_resource.cpp
         mergelin.cpp
         miniblt.cpp
         scale.cpp
         scaleitf.cpp
         scalelin.cpp
         c4d_scenehookplugin.cpp
         c4d_shaderplugin.cpp
         c4d_snapplugin.cpp
         c4d_string.cpp
         c4d_tagplugin.cpp
         c4d_thread.cpp
         c4d_toolplugin.cpp
         c4d_tools.cpp
         c4d_videopost.cpp
         c4d_videopostplugin.cpp
         ge_ieee.cpp
         ge_sort.cpp
         operatingsystem.cpp
     1>Done Building Project "C:\Program Files\MAXON\CINEMA 4D R17\frameworks\cinema.framework\project\cinema.framework.vcxproj" (Build target(s)) -- FAILED.

Build FAILED.

Time Elapsed 00:00:57.33
