c:\program files\maxon\cinema 4d r17\plugins\3delight\_obj\cinema.framework\x64_release\vc_cinema.framework_release_64bit.pdb
c:\program files\maxon\cinema 4d r17\plugins\3delight\_obj\cinema.framework\x64_release\lib_net.obj
c:\program files\maxon\cinema 4d r17\plugins\3delight\_obj\cinema.framework\x64_release\lib_paint.obj
c:\program files\maxon\cinema 4d r17\plugins\3delight\_obj\cinema.framework\x64_release\lib_regexpr.obj
c:\program files\maxon\cinema 4d r17\plugins\3delight\_obj\cinema.framework\x64_release\lib_sds.obj
c:\program files\maxon\cinema 4d r17\plugins\3delight\_obj\cinema.framework\x64_release\lib_snd.obj
c:\program files\maxon\cinema 4d r17\plugins\3delight\_obj\cinema.framework\x64_release\lib_token.obj
c:\program files\maxon\cinema 4d r17\plugins\3delight\_obj\cinema.framework\x64_release\c4d_messageplugin.obj
c:\program files\maxon\cinema 4d r17\plugins\3delight\_obj\cinema.framework\x64_release\c4d_nodeplugin.obj
c:\program files\maxon\cinema 4d r17\plugins\3delight\_obj\cinema.framework\x64_release\c4d_pmain.obj
c:\program files\maxon\cinema 4d r17\plugins\3delight\_obj\cinema.framework\x64_release\linefetchutil.obj
c:\program files\maxon\cinema 4d r17\plugins\3delight\_obj\cinema.framework\x64_release\pixelfetchutil.obj
c:\program files\maxon\cinema 4d r17\plugins\3delight\_obj\cinema.framework\x64_release\miniblt.obj
c:\program files\maxon\cinema 4d r17\plugins\3delight\_obj\cinema.framework\x64_release\c4d_scenehookplugin.obj
c:\program files\maxon\cinema 4d r17\plugins\3delight\_obj\cinema.framework\x64_release\c4d_tagplugin.obj
c:\program files\maxon\cinema 4d r17\plugins\3delight\_obj\cinema.framework\x64_release\c4d_videopost.obj
c:\program files\maxon\cinema 4d r17\plugins\3delight\_obj\cinema.framework\x64_release\lib_modeling.obj
c:\program files\maxon\cinema 4d r17\plugins\3delight\_obj\cinema.framework\x64_release\lib_noise.obj
c:\program files\maxon\cinema 4d r17\plugins\3delight\_obj\cinema.framework\x64_release\lib_py.obj
c:\program files\maxon\cinema 4d r17\plugins\3delight\_obj\cinema.framework\x64_release\lib_secure_random.obj
c:\program files\maxon\cinema 4d r17\plugins\3delight\_obj\cinema.framework\x64_release\lib_sn.obj
c:\program files\maxon\cinema 4d r17\plugins\3delight\_obj\cinema.framework\x64_release\lib_tlmarker.obj
c:\program files\maxon\cinema 4d r17\plugins\3delight\_obj\cinema.framework\x64_release\c4d_listview.obj
c:\program files\maxon\cinema 4d r17\plugins\3delight\_obj\cinema.framework\x64_release\debugglobals.obj
c:\program files\maxon\cinema 4d r17\plugins\3delight\_obj\cinema.framework\x64_release\c4d_painter.obj
c:\program files\maxon\cinema 4d r17\plugins\3delight\_obj\cinema.framework\x64_release\filter_prefs.obj
c:\program files\maxon\cinema 4d r17\plugins\3delight\_obj\cinema.framework\x64_release\matrixrotate.obj
c:\program files\maxon\cinema 4d r17\plugins\3delight\_obj\cinema.framework\x64_release\c4d_quaternion.obj
c:\program files\maxon\cinema 4d r17\plugins\3delight\_obj\cinema.framework\x64_release\scaleitf.obj
c:\program files\maxon\cinema 4d r17\plugins\3delight\_obj\cinema.framework\x64_release\c4d_string.obj
c:\program files\maxon\cinema 4d r17\plugins\3delight\_obj\cinema.framework\x64_release\c4d_tools.obj
c:\program files\maxon\cinema 4d r17\plugins\3delight\_obj\cinema.framework\x64_release\operatingsystem.obj
c:\program files\maxon\cinema 4d r17\plugins\3delight\_obj\cinema.framework\x64_release\lib_ngon.obj
c:\program files\maxon\cinema 4d r17\plugins\3delight\_obj\cinema.framework\x64_release\lib_pictureviewer.obj
c:\program files\maxon\cinema 4d r17\plugins\3delight\_obj\cinema.framework\x64_release\lib_sculpt.obj
c:\program files\maxon\cinema 4d r17\plugins\3delight\_obj\cinema.framework\x64_release\lib_selectionchanger.obj
c:\program files\maxon\cinema 4d r17\plugins\3delight\_obj\cinema.framework\x64_release\lib_takesystem.obj
c:\program files\maxon\cinema 4d r17\plugins\3delight\_obj\cinema.framework\x64_release\lib_zipfile.obj
c:\program files\maxon\cinema 4d r17\plugins\3delight\_obj\cinema.framework\x64_release\c4d_memory.obj
c:\program files\maxon\cinema 4d r17\plugins\3delight\_obj\cinema.framework\x64_release\c4d_network.obj
c:\program files\maxon\cinema 4d r17\plugins\3delight\_obj\cinema.framework\x64_release\c4d_particleobject.obj
c:\program files\maxon\cinema 4d r17\plugins\3delight\_obj\cinema.framework\x64_release\filterpreview.obj
c:\program files\maxon\cinema 4d r17\plugins\3delight\_obj\cinema.framework\x64_release\matrixwrapper.obj
c:\program files\maxon\cinema 4d r17\plugins\3delight\_obj\cinema.framework\x64_release\mergelin.obj
c:\program files\maxon\cinema 4d r17\plugins\3delight\_obj\cinema.framework\x64_release\scale.obj
c:\program files\maxon\cinema 4d r17\plugins\3delight\_obj\cinema.framework\x64_release\c4d_shaderplugin.obj
c:\program files\maxon\cinema 4d r17\plugins\3delight\_obj\cinema.framework\x64_release\c4d_toolplugin.obj
c:\program files\maxon\cinema 4d r17\plugins\3delight\_obj\cinema.framework\x64_release\ge_ieee.obj
c:\program files\maxon\cinema 4d r17\plugins\3delight\_obj\cinema.framework\x64_release\ge_sort.obj
c:\program files\maxon\cinema 4d r17\plugins\3delight\_obj\cinema.framework\x64_release\lib_intersect.obj
c:\program files\maxon\cinema 4d r17\plugins\3delight\_obj\cinema.framework\x64_release\lib_prefs.obj
c:\program files\maxon\cinema 4d r17\plugins\3delight\_obj\cinema.framework\x64_release\lib_sculptbrush.obj
c:\program files\maxon\cinema 4d r17\plugins\3delight\_obj\cinema.framework\x64_release\lib_splinehelp.obj
c:\program files\maxon\cinema 4d r17\plugins\3delight\_obj\cinema.framework\x64_release\lib_viewport.obj
c:\program files\maxon\cinema 4d r17\plugins\3delight\_obj\cinema.framework\x64_release\c4d_materialplugin.obj
c:\program files\maxon\cinema 4d r17\plugins\3delight\_obj\cinema.framework\x64_release\defaultallocator.obj
c:\program files\maxon\cinema 4d r17\plugins\3delight\_obj\cinema.framework\x64_release\c4d_objectplugin.obj
c:\program files\maxon\cinema 4d r17\plugins\3delight\_obj\cinema.framework\x64_release\filterthread.obj
c:\program files\maxon\cinema 4d r17\plugins\3delight\_obj\cinema.framework\x64_release\matrixutil.obj
c:\program files\maxon\cinema 4d r17\plugins\3delight\_obj\cinema.framework\x64_release\c4d_resource.obj
c:\program files\maxon\cinema 4d r17\plugins\3delight\_obj\cinema.framework\x64_release\scalelin.obj
c:\program files\maxon\cinema 4d r17\plugins\3delight\_obj\cinema.framework\x64_release\c4d_snapplugin.obj
c:\program files\maxon\cinema 4d r17\plugins\3delight\_obj\cinema.framework\x64_release\c4d_thread.obj
c:\program files\maxon\cinema 4d r17\plugins\3delight\_obj\cinema.framework\x64_release\c4d_videopostplugin.obj
c:\program files\maxon\cinema 4d r17\plugins\3delight\_obj\cinema.framework\x64_release\cinema.framework_release_64bit.lib
c:\program files\maxon\cinema 4d r17\plugins\3delight\_obj\cinema.framework\x64_release\c4d_basebitmap.obj
c:\program files\maxon\cinema 4d r17\plugins\3delight\_obj\cinema.framework\x64_release\c4d_basechannel.obj
c:\program files\maxon\cinema 4d r17\plugins\3delight\_obj\cinema.framework\x64_release\c4d_basecontainer.obj
c:\program files\maxon\cinema 4d r17\plugins\3delight\_obj\cinema.framework\x64_release\c4d_basedocument.obj
c:\program files\maxon\cinema 4d r17\plugins\3delight\_obj\cinema.framework\x64_release\c4d_basedraw.obj
c:\program files\maxon\cinema 4d r17\plugins\3delight\_obj\cinema.framework\x64_release\c4d_baseeffectorplugin.obj
c:\program files\maxon\cinema 4d r17\plugins\3delight\_obj\cinema.framework\x64_release\c4d_baselist.obj
c:\program files\maxon\cinema 4d r17\plugins\3delight\_obj\cinema.framework\x64_release\c4d_basematerial.obj
c:\program files\maxon\cinema 4d r17\plugins\3delight\_obj\cinema.framework\x64_release\c4d_baseobject.obj
c:\program files\maxon\cinema 4d r17\plugins\3delight\_obj\cinema.framework\x64_release\c4d_baseplugin.obj
c:\program files\maxon\cinema 4d r17\plugins\3delight\_obj\cinema.framework\x64_release\c4d_baseselect.obj
c:\program files\maxon\cinema 4d r17\plugins\3delight\_obj\cinema.framework\x64_release\c4d_basesound.obj
c:\program files\maxon\cinema 4d r17\plugins\3delight\_obj\cinema.framework\x64_release\c4d_basetag.obj
c:\program files\maxon\cinema 4d r17\plugins\3delight\_obj\cinema.framework\x64_release\c4d_basetime.obj
c:\program files\maxon\cinema 4d r17\plugins\3delight\_obj\cinema.framework\x64_release\c4d_bitmapfilter.obj
c:\program files\maxon\cinema 4d r17\plugins\3delight\_obj\cinema.framework\x64_release\c4d_canimation.obj
c:\program files\maxon\cinema 4d r17\plugins\3delight\_obj\cinema.framework\x64_release\c4d_coffee.obj
c:\program files\maxon\cinema 4d r17\plugins\3delight\_obj\cinema.framework\x64_release\c4d_commandplugin.obj
c:\program files\maxon\cinema 4d r17\plugins\3delight\_obj\cinema.framework\x64_release\c4d_ctrackplugin.obj
c:\program files\maxon\cinema 4d r17\plugins\3delight\_obj\cinema.framework\x64_release\c4d_customdatatype.obj
c:\program files\maxon\cinema 4d r17\plugins\3delight\_obj\cinema.framework\x64_release\c4d_customguidata.obj
c:\program files\maxon\cinema 4d r17\plugins\3delight\_obj\cinema.framework\x64_release\c4d_customguiplugin.obj
c:\program files\maxon\cinema 4d r17\plugins\3delight\_obj\cinema.framework\x64_release\c4d_descriptiondialog.obj
c:\program files\maxon\cinema 4d r17\plugins\3delight\_obj\cinema.framework\x64_release\c4d_falloffplugin.obj
c:\program files\maxon\cinema 4d r17\plugins\3delight\_obj\cinema.framework\x64_release\c4d_file.obj
c:\program files\maxon\cinema 4d r17\plugins\3delight\_obj\cinema.framework\x64_release\c4d_filterplugin.obj
c:\program files\maxon\cinema 4d r17\plugins\3delight\_obj\cinema.framework\x64_release\c4d_gedata.obj
c:\program files\maxon\cinema 4d r17\plugins\3delight\_obj\cinema.framework\x64_release\c4d_general.obj
c:\program files\maxon\cinema 4d r17\plugins\3delight\_obj\cinema.framework\x64_release\c4d_gl.obj
c:\program files\maxon\cinema 4d r17\plugins\3delight\_obj\cinema.framework\x64_release\c4d_graphview.obj
c:\program files\maxon\cinema 4d r17\plugins\3delight\_obj\cinema.framework\x64_release\c4d_gui.obj
c:\program files\maxon\cinema 4d r17\plugins\3delight\_obj\cinema.framework\x64_release\c4d_help.obj
c:\program files\maxon\cinema 4d r17\plugins\3delight\_obj\cinema.framework\x64_release\c4d_library.obj
c:\program files\maxon\cinema 4d r17\plugins\3delight\_obj\cinema.framework\x64_release\c4d_operatorplugin.obj
c:\program files\maxon\cinema 4d r17\plugins\3delight\_obj\cinema.framework\x64_release\c4d_particles.obj
c:\program files\maxon\cinema 4d r17\plugins\3delight\_obj\cinema.framework\x64_release\customgui_base.obj
c:\program files\maxon\cinema 4d r17\plugins\3delight\_obj\cinema.framework\x64_release\customgui_bitmapbutton.obj
c:\program files\maxon\cinema 4d r17\plugins\3delight\_obj\cinema.framework\x64_release\customgui_datetime.obj
c:\program files\maxon\cinema 4d r17\plugins\3delight\_obj\cinema.framework\x64_release\customgui_descproperty.obj
c:\program files\maxon\cinema 4d r17\plugins\3delight\_obj\cinema.framework\x64_release\customgui_description.obj
c:\program files\maxon\cinema 4d r17\plugins\3delight\_obj\cinema.framework\x64_release\customgui_fontchooser.obj
c:\program files\maxon\cinema 4d r17\plugins\3delight\_obj\cinema.framework\x64_release\customgui_gradient.obj
c:\program files\maxon\cinema 4d r17\plugins\3delight\_obj\cinema.framework\x64_release\customgui_htmlviewer.obj
c:\program files\maxon\cinema 4d r17\plugins\3delight\_obj\cinema.framework\x64_release\customgui_hyperlink.obj
c:\program files\maxon\cinema 4d r17\plugins\3delight\_obj\cinema.framework\x64_release\customgui_inexclude.obj
c:\program files\maxon\cinema 4d r17\plugins\3delight\_obj\cinema.framework\x64_release\customgui_itemtree.obj
c:\program files\maxon\cinema 4d r17\plugins\3delight\_obj\cinema.framework\x64_release\customgui_kerning.obj
c:\program files\maxon\cinema 4d r17\plugins\3delight\_obj\cinema.framework\x64_release\customgui_linkbox.obj
c:\program files\maxon\cinema 4d r17\plugins\3delight\_obj\cinema.framework\x64_release\customgui_listview.obj
c:\program files\maxon\cinema 4d r17\plugins\3delight\_obj\cinema.framework\x64_release\customgui_listview2.obj
c:\program files\maxon\cinema 4d r17\plugins\3delight\_obj\cinema.framework\x64_release\customgui_matassign.obj
c:\program files\maxon\cinema 4d r17\plugins\3delight\_obj\cinema.framework\x64_release\customgui_matpreview.obj
c:\program files\maxon\cinema 4d r17\plugins\3delight\_obj\cinema.framework\x64_release\customgui_movieview.obj
c:\program files\maxon\cinema 4d r17\plugins\3delight\_obj\cinema.framework\x64_release\customgui_pla.obj
c:\program files\maxon\cinema 4d r17\plugins\3delight\_obj\cinema.framework\x64_release\customgui_priority.obj
c:\program files\maxon\cinema 4d r17\plugins\3delight\_obj\cinema.framework\x64_release\customgui_quicktab.obj
c:\program files\maxon\cinema 4d r17\plugins\3delight\_obj\cinema.framework\x64_release\customgui_splinecontrol.obj
c:\program files\maxon\cinema 4d r17\plugins\3delight\_obj\cinema.framework\x64_release\customgui_texbox.obj
c:\program files\maxon\cinema 4d r17\plugins\3delight\_obj\cinema.framework\x64_release\customgui_texturemanager.obj
c:\program files\maxon\cinema 4d r17\plugins\3delight\_obj\cinema.framework\x64_release\customgui_unitscale.obj
c:\program files\maxon\cinema 4d r17\plugins\3delight\_obj\cinema.framework\x64_release\lib_activeobjectmanager.obj
c:\program files\maxon\cinema 4d r17\plugins\3delight\_obj\cinema.framework\x64_release\lib_aes.obj
c:\program files\maxon\cinema 4d r17\plugins\3delight\_obj\cinema.framework\x64_release\lib_batchrender.obj
c:\program files\maxon\cinema 4d r17\plugins\3delight\_obj\cinema.framework\x64_release\lib_big_integer.obj
c:\program files\maxon\cinema 4d r17\plugins\3delight\_obj\cinema.framework\x64_release\lib_birender.obj
c:\program files\maxon\cinema 4d r17\plugins\3delight\_obj\cinema.framework\x64_release\lib_browser.obj
c:\program files\maxon\cinema 4d r17\plugins\3delight\_obj\cinema.framework\x64_release\lib_ca.obj
c:\program files\maxon\cinema 4d r17\plugins\3delight\_obj\cinema.framework\x64_release\lib_clipmap.obj
c:\program files\maxon\cinema 4d r17\plugins\3delight\_obj\cinema.framework\x64_release\lib_cloud.obj
c:\program files\maxon\cinema 4d r17\plugins\3delight\_obj\cinema.framework\x64_release\lib_collider.obj
c:\program files\maxon\cinema 4d r17\plugins\3delight\_obj\cinema.framework\x64_release\lib_datetimeparser.obj
c:\program files\maxon\cinema 4d r17\plugins\3delight\_obj\cinema.framework\x64_release\lib_description.obj
c:\program files\maxon\cinema 4d r17\plugins\3delight\_obj\cinema.framework\x64_release\lib_dwgobjects.obj
c:\program files\maxon\cinema 4d r17\plugins\3delight\_obj\cinema.framework\x64_release\lib_editortools.obj
c:\program files\maxon\cinema 4d r17\plugins\3delight\_obj\cinema.framework\x64_release\lib_filtertree.obj
c:\program files\maxon\cinema 4d r17\plugins\3delight\_obj\cinema.framework\x64_release\lib_hair.obj
c:\program files\maxon\cinema 4d r17\plugins\3delight\_obj\cinema.framework\x64_release\lib_hovermenu.obj
c:\program files\maxon\cinema 4d r17\plugins\3delight\_obj\cinema.framework\x64_release\lib_iconcollection.obj
c:\program files\maxon\cinema 4d r17\plugins\3delight\_obj\cinema.framework\x64_release\lib_layershader.obj
c:\program files\maxon\cinema 4d r17\plugins\3delight\_obj\cinema.framework\x64_release\cinema.framework.tlog\cl.command.1.tlog
c:\program files\maxon\cinema 4d r17\plugins\3delight\_obj\cinema.framework\x64_release\cinema.framework.tlog\cl.read.1.tlog
c:\program files\maxon\cinema 4d r17\plugins\3delight\_obj\cinema.framework\x64_release\cinema.framework.tlog\cl.write.1.tlog
c:\program files\maxon\cinema 4d r17\plugins\3delight\_obj\cinema.framework\x64_release\cinema.framework.tlog\lib-link.read.1.tlog
c:\program files\maxon\cinema 4d r17\plugins\3delight\_obj\cinema.framework\x64_release\cinema.framework.tlog\lib-link.write.1.tlog
c:\program files\maxon\cinema 4d r17\plugins\3delight\_obj\cinema.framework\x64_release\cinema.framework.tlog\lib.command.1.tlog
